<?xml version="1.0" encoding="UTF-8"?>
<testng-results ignored="8" total="15" passed="6" failed="1" skipped="0">
  <reporter-output>
  </reporter-output>
  <suite started-at="2026-02-24T16:03:39 IST" name="Custom Test Suite" finished-at="2026-02-24T16:03:39 IST" duration-ms="93">
    <groups>
      <group name="Sanity">
        <method signature="ExampleClass1.loginTest()[pri:1, instance:test.ExampleClass1@4466af20]" name="loginTest" class="test.ExampleClass1"/>
      </group> <!-- Sanity -->
      <group name="Regression">
        <method signature="ExampleClass3.APIPersonalLoan()[pri:0, instance:test.ExampleClass3@79924b]" name="APIPersonalLoan" class="test.ExampleClass3"/>
        <method signature="ExampleClass1.loginTest()[pri:1, instance:test.ExampleClass1@4466af20]" name="loginTest" class="test.ExampleClass1"/>
        <method signature="ExampleClass1.userProfileTest()[pri:3, instance:test.ExampleClass1@4466af20]" name="userProfileTest" class="test.ExampleClass1"/>
        <method signature="ExampleClass3.APICarLoan()[pri:3, instance:test.ExampleClass3@79924b]" name="APICarLoan" class="test.ExampleClass3"/>
        <method signature="ExampleClass3.APIHomeLoan()[pri:4, instance:test.ExampleClass3@79924b]" name="APIHomeLoan" class="test.ExampleClass3"/>
      </group> <!-- Regression -->
      <group name="API">
        <method signature="ExampleClass3.APIPersonalLoan()[pri:0, instance:test.ExampleClass3@79924b]" name="APIPersonalLoan" class="test.ExampleClass3"/>
        <method signature="ExampleClass3.APICarLoan()[pri:3, instance:test.ExampleClass3@79924b]" name="APICarLoan" class="test.ExampleClass3"/>
        <method signature="ExampleClass3.APIHomeLoan()[pri:4, instance:test.ExampleClass3@79924b]" name="APIHomeLoan" class="test.ExampleClass3"/>
      </group> <!-- API -->
      <group name="Smoke">
        <method signature="ExampleClass2.launchBrowserTest(java.lang.String,java.lang.String)[pri:0, instance:test.ExampleClass2@4fb0f2b9]" name="launchBrowserTest" class="test.ExampleClass2"/>
        <method signature="ExampleClass1.loginTest()[pri:1, instance:test.ExampleClass1@4466af20]" name="loginTest" class="test.ExampleClass1"/>
        <method signature="ExampleClass3.APICarLoan()[pri:3, instance:test.ExampleClass3@79924b]" name="APICarLoan" class="test.ExampleClass3"/>
        <method signature="ExampleClass3.APIHomeLoan()[pri:4, instance:test.ExampleClass3@79924b]" name="APIHomeLoan" class="test.ExampleClass3"/>
        <method signature="ExampleClass1.dashboardTest()[pri:2, instance:test.ExampleClass1@4466af20]" name="dashboardTest" class="test.ExampleClass1"/>
      </group> <!-- Smoke -->
    </groups>
    <test started-at="2026-02-24T16:03:39 IST" name="Selected Classes and Methods" finished-at="2026-02-24T16:03:39 IST" duration-ms="93">
      <class name="test.ExampleClass2">
        <test-method is-config="true" signature="setupClass()[pri:0, instance:test.ExampleClass2@4fb0f2b9]" started-at="2026-02-24T16:03:39 IST" name="setupClass" finished-at="2026-02-24T16:03:39 IST" duration-ms="0" status="PASS">
          <reporter-output>
          </reporter-output>
        </test-method> <!-- setupClass -->
        <test-method signature="launchBrowserTest(java.lang.String,java.lang.String)[pri:0, instance:test.ExampleClass2@4fb0f2b9]" started-at="2026-02-24T16:03:39 IST" name="launchBrowserTest" finished-at="2026-02-24T16:03:39 IST" duration-ms="0" status="FAIL">
          <exception class="org.testng.TestNGException">
            <message>
              <![CDATA[
Parameter 'browser' is required by @Test on method launchBrowserTest but has not been marked @Optional or defined
in C:\Users\Swati\eclipse-workspace\TestNGExample\testng.xml]]>
            </message>
            <full-stacktrace>
              <![CDATA[org.testng.TestNGException: 
Parameter 'browser' is required by @Test on method launchBrowserTest but has not been marked @Optional or defined
in C:\Users\Swati\eclipse-workspace\TestNGExample\testng.xml
at org.testng.internal.Parameters.createParams(Parameters.java:264)
at org.testng.internal.Parameters.createParametersForMethod(Parameters.java:352)
at org.testng.internal.Parameters.createParameters(Parameters.java:690)
at org.testng.internal.Parameters.handleParameters(Parameters.java:885)
at org.testng.internal.Parameters.handleParameters(Parameters.java:734)
at org.testng.internal.invokers.ParameterHandler.handleParameters(ParameterHandler.java:72)
at org.testng.internal.invokers.ParameterHandler.createParameters(ParameterHandler.java:51)
at org.testng.internal.invokers.TestInvoker$MethodInvocationAgent.invoke(TestInvoker.java:959)
at org.testng.internal.invokers.TestInvoker.invokeTestMethods(TestInvoker.java:203)
at org.testng.internal.invokers.TestMethodWorker.invokeTestMethods(TestMethodWorker.java:154)
at org.testng.internal.invokers.TestMethodWorker.run(TestMethodWorker.java:134)
at java.base/java.util.ArrayList.forEach(ArrayList.java:1604)
at org.testng.TestRunner.privateRun(TestRunner.java:744)
at org.testng.TestRunner.run(TestRunner.java:616)
at org.testng.SuiteRunner.runTest(SuiteRunner.java:421)
at org.testng.SuiteRunner.runSequentially(SuiteRunner.java:413)
at org.testng.SuiteRunner.privateRun(SuiteRunner.java:373)
at org.testng.SuiteRunner.run(SuiteRunner.java:312)
at org.testng.SuiteRunnerWorker.runSuite(SuiteRunnerWorker.java:52)
at org.testng.SuiteRunnerWorker.run(SuiteRunnerWorker.java:95)
at org.testng.TestNG.runSuitesSequentially(TestNG.java:1274)
at org.testng.TestNG.runSuitesLocally(TestNG.java:1208)
at org.testng.TestNG.runSuites(TestNG.java:1112)
at org.testng.TestNG.run(TestNG.java:1079)
at org.testng.remote.AbstractRemoteTestNG.run(AbstractRemoteTestNG.java:115)
at org.testng.remote.RemoteTestNG.initAndRun(RemoteTestNG.java:293)
at org.testng.remote.RemoteTestNG.main(RemoteTestNG.java:91)
]]>
            </full-stacktrace>
          </exception> <!-- org.testng.TestNGException -->
          <reporter-output>
          </reporter-output>
        </test-method> <!-- launchBrowserTest -->
        <test-method is-config="true" signature="teardownClass()[pri:0, instance:test.ExampleClass2@4fb0f2b9]" started-at="2026-02-24T16:03:39 IST" name="teardownClass" finished-at="2026-02-24T16:03:39 IST" duration-ms="2" status="PASS">
          <reporter-output>
          </reporter-output>
        </test-method> <!-- teardownClass -->
      </class> <!-- test.ExampleClass2 -->
      <class name="test.ExampleClass3">
        <test-method is-config="true" signature="setup()[pri:0, instance:test.ExampleClass3@79924b]" started-at="2026-02-24T16:03:39 IST" name="setup" finished-at="2026-02-24T16:03:39 IST" duration-ms="1" status="PASS">
          <reporter-output>
          </reporter-output>
        </test-method> <!-- setup -->
        <test-method signature="APIPersonalLoan()[pri:0, instance:test.ExampleClass3@79924b]" started-at="2026-02-24T16:03:39 IST" name="APIPersonalLoan" finished-at="2026-02-24T16:03:39 IST" duration-ms="2" status="PASS">
          <reporter-output>
          </reporter-output>
        </test-method> <!-- APIPersonalLoan -->
        <test-method signature="APICarLoan()[pri:3, instance:test.ExampleClass3@79924b]" started-at="2026-02-24T16:03:39 IST" name="APICarLoan" finished-at="2026-02-24T16:03:39 IST" duration-ms="2" status="PASS">
          <reporter-output>
          </reporter-output>
        </test-method> <!-- APICarLoan -->
        <test-method signature="APIHomeLoan()[pri:4, instance:test.ExampleClass3@79924b]" started-at="2026-02-24T16:03:39 IST" name="APIHomeLoan" finished-at="2026-02-24T16:03:39 IST" duration-ms="0" status="PASS">
          <reporter-output>
          </reporter-output>
        </test-method> <!-- APIHomeLoan -->
        <test-method is-config="true" signature="cleanup()[pri:0, instance:test.ExampleClass3@79924b]" started-at="2026-02-24T16:03:39 IST" name="cleanup" finished-at="2026-02-24T16:03:39 IST" duration-ms="1" status="PASS">
          <reporter-output>
          </reporter-output>
        </test-method> <!-- cleanup -->
      </class> <!-- test.ExampleClass3 -->
      <class name="test.ExampleClass1">
        <test-method is-config="true" signature="setupSuite()[pri:0, instance:test.ExampleClass1@4466af20]" started-at="2026-02-24T16:03:39 IST" name="setupSuite" finished-at="2026-02-24T16:03:39 IST" duration-ms="11" status="PASS">
          <reporter-output>
          </reporter-output>
        </test-method> <!-- setupSuite -->
        <test-method is-config="true" signature="setupTest()[pri:0, instance:test.ExampleClass1@4466af20]" started-at="2026-02-24T16:03:39 IST" name="setupTest" finished-at="2026-02-24T16:03:39 IST" duration-ms="1" status="PASS">
          <reporter-output>
          </reporter-output>
        </test-method> <!-- setupTest -->
        <test-method is-config="true" signature="beforeEachTest()[pri:0, instance:test.ExampleClass1@4466af20]" started-at="2026-02-24T16:03:39 IST" name="beforeEachTest" finished-at="2026-02-24T16:03:39 IST" duration-ms="1" status="PASS">
          <reporter-output>
          </reporter-output>
        </test-method> <!-- beforeEachTest -->
        <test-method signature="loginTest()[pri:1, instance:test.ExampleClass1@4466af20]" started-at="2026-02-24T16:03:39 IST" name="loginTest" finished-at="2026-02-24T16:03:39 IST" duration-ms="10" status="PASS">
          <reporter-output>
          </reporter-output>
        </test-method> <!-- loginTest -->
        <test-method is-config="true" signature="afterEachTest()[pri:0, instance:test.ExampleClass1@4466af20]" started-at="2026-02-24T16:03:39 IST" name="afterEachTest" finished-at="2026-02-24T16:03:39 IST" duration-ms="0" status="PASS">
          <reporter-output>
          </reporter-output>
        </test-method> <!-- afterEachTest -->
        <test-method is-config="true" signature="beforeEachTest()[pri:0, instance:test.ExampleClass1@4466af20]" started-at="2026-02-24T16:03:39 IST" name="beforeEachTest" finished-at="2026-02-24T16:03:39 IST" duration-ms="0" status="PASS">
          <reporter-output>
          </reporter-output>
        </test-method> <!-- beforeEachTest -->
        <test-method signature="dashboardTest()[pri:2, instance:test.ExampleClass1@4466af20]" started-at="2026-02-24T16:03:39 IST" name="dashboardTest" finished-at="2026-02-24T16:03:39 IST" duration-ms="1" status="PASS">
          <reporter-output>
          </reporter-output>
        </test-method> <!-- dashboardTest -->
        <test-method is-config="true" signature="afterEachTest()[pri:0, instance:test.ExampleClass1@4466af20]" started-at="2026-02-24T16:03:39 IST" name="afterEachTest" finished-at="2026-02-24T16:03:39 IST" duration-ms="1" status="PASS">
          <reporter-output>
          </reporter-output>
        </test-method> <!-- afterEachTest -->
        <test-method is-config="true" signature="beforeEachTest()[pri:0, instance:test.ExampleClass1@4466af20]" started-at="2026-02-24T16:03:39 IST" name="beforeEachTest" finished-at="2026-02-24T16:03:39 IST" duration-ms="1" status="PASS">
          <reporter-output>
          </reporter-output>
        </test-method> <!-- beforeEachTest -->
        <test-method signature="userProfileTest()[pri:3, instance:test.ExampleClass1@4466af20]" started-at="2026-02-24T16:03:39 IST" name="userProfileTest" finished-at="2026-02-24T16:03:39 IST" depends-on-methods="test.ExampleClass1.loginTest" duration-ms="1" status="PASS">
          <reporter-output>
          </reporter-output>
        </test-method> <!-- userProfileTest -->
        <test-method is-config="true" signature="afterEachTest()[pri:0, instance:test.ExampleClass1@4466af20]" started-at="2026-02-24T16:03:39 IST" name="afterEachTest" finished-at="2026-02-24T16:03:39 IST" duration-ms="0" status="PASS">
          <reporter-output>
          </reporter-output>
        </test-method> <!-- afterEachTest -->
        <test-method is-config="true" signature="cleanupTest()[pri:0, instance:test.ExampleClass1@4466af20]" started-at="2026-02-24T16:03:39 IST" name="cleanupTest" finished-at="2026-02-24T16:03:39 IST" duration-ms="0" status="PASS">
          <reporter-output>
          </reporter-output>
        </test-method> <!-- cleanupTest -->
        <test-method is-config="true" signature="teardownSuite()[pri:0, instance:test.ExampleClass1@4466af20]" started-at="2026-02-24T16:03:39 IST" name="teardownSuite" finished-at="2026-02-24T16:03:39 IST" duration-ms="1" status="PASS">
          <reporter-output>
          </reporter-output>
        </test-method> <!-- teardownSuite -->
      </class> <!-- test.ExampleClass1 -->
    </test> <!-- Selected Classes and Methods -->
  </suite> <!-- Custom Test Suite -->
</testng-results>
