<?xml version="1.0" encoding="UTF-8"?>
<!-- Generated by org.testng.reporters.JUnitXMLReporter -->
<testsuite ignored="1" hostname="LAPTOP-EG2LIC4T" failures="0" tests="3" name="Test" time="0.076" errors="0" timestamp="2026-02-17T00:24:03 IST">
  <testcase classname="test.ExampleClass1" name="loginTest" time="0.011"/>
  <testcase classname="test.ExampleClass1" name="dashboardTest" time="0.002"/>
  <testcase classname="test.ExampleClass1" name="userProfileTest" time="0.001"/>
  <testcase classname="test.ExampleClass1" name="disabledTest" time="0.0">
    <ignored/>
  </testcase> <!-- disabledTest -->
</testsuite> <!-- Test -->
