<?xml version="1.0" encoding="UTF-8"?>
<!-- Generated by org.testng.reporters.JUnitXMLReporter -->
<testsuite ignored="7" hostname="LAPTOP-EG2LIC4T" failures="1" tests="6" name="API Tests" time="0.188" errors="0" timestamp="2026-02-18T13:46:08 IST">
  <testcase classname="test.ExampleClass3" name="APIPersonalLoan" time="0.019"/>
  <testcase classname="test.ExampleClass2" name="testAPIEndpoints" time="0.019"/>
  <testcase classname="test.ExampleClass2" name="testAPIEndpoints" time="0.03"/>
  <testcase classname="test.ExampleClass2" name="testAPIEndpoints" time="0.012">
    <failure type="java.lang.AssertionError" message="Status code validation expected [200] but found [201]">
      <![CDATA[java.lang.AssertionError: Status code validation expected [200] but found [201]
at test.ExampleClass2.testAPIEndpoints(ExampleClass2.java:60)
at java.base/java.util.ArrayList.forEach(ArrayList.java:1604)
at java.base/java.util.concurrent.FutureTask.run(FutureTask.java:328)
at java.base/java.util.concurrent.ThreadPoolExecutor.runWorker(ThreadPoolExecutor.java:1090)
at java.base/java.util.concurrent.ThreadPoolExecutor$Worker.run(ThreadPoolExecutor.java:614)
at java.base/java.lang.Thread.run(Thread.java:1474)
... Removed 21 stack frames]]>
    </failure>
  </testcase> <!-- testAPIEndpoints -->
  <testcase classname="test.ExampleClass3" name="APICarLoan" time="0.01"/>
  <testcase classname="test.ExampleClass3" name="APIHomeLoan" time="0.005"/>
  <testcase classname="test.ExampleClass3" name="mobileHomeLoan" time="0.0">
    <ignored/>
  </testcase> <!-- mobileHomeLoan -->
  <testcase classname="test.ExampleClass2" name="loginWithMultipleUsers" time="0.0">
    <ignored/>
  </testcase> <!-- loginWithMultipleUsers -->
  <testcase classname="test.ExampleClass3" name="mobileCarLoan" time="0.0">
    <ignored/>
  </testcase> <!-- mobileCarLoan -->
  <testcase classname="test.ExampleClass2" name="launchBrowserTest" time="0.0">
    <ignored/>
  </testcase> <!-- launchBrowserTest -->
  <testcase classname="test.ExampleClass3" name="integrationTest" time="0.0">
    <ignored/>
  </testcase> <!-- integrationTest -->
  <testcase classname="test.ExampleClass3" name="webHomeLoan" time="0.0">
    <ignored/>
  </testcase> <!-- webHomeLoan -->
  <testcase classname="test.ExampleClass3" name="webCarLoan" time="0.0">
    <ignored/>
  </testcase> <!-- webCarLoan -->
</testsuite> <!-- API Tests -->
