<?xml version="1.0" encoding="UTF-8"?>
<!-- Generated by org.testng.reporters.JUnitXMLReporter -->
<testsuite ignored="6" hostname="LAPTOP-EG2LIC4T" failures="0" tests="2" name="Mobile Tests" time="0.09" errors="0" timestamp="2026-02-18T13:46:08 IST">
  <testcase classname="test.ExampleClass3" name="mobileHomeLoan" time="0.019"/>
  <testcase classname="test.ExampleClass3" name="mobileCarLoan" time="0.006"/>
  <testcase classname="test.ExampleClass3" name="APIPersonalLoan" time="0.0">
    <ignored/>
  </testcase> <!-- APIPersonalLoan -->
  <testcase classname="test.ExampleClass3" name="integrationTest" time="0.0">
    <ignored/>
  </testcase> <!-- integrationTest -->
  <testcase classname="test.ExampleClass3" name="webCarLoan" time="0.0">
    <ignored/>
  </testcase> <!-- webCarLoan -->
  <testcase classname="test.ExampleClass3" name="webHomeLoan" time="0.0">
    <ignored/>
  </testcase> <!-- webHomeLoan -->
  <testcase classname="test.ExampleClass3" name="APIHomeLoan" time="0.0">
    <ignored/>
  </testcase> <!-- APIHomeLoan -->
  <testcase classname="test.ExampleClass3" name="APICarLoan" time="0.0">
    <ignored/>
  </testcase> <!-- APICarLoan -->
</testsuite> <!-- Mobile Tests -->
