<?xml version="1.0" encoding="UTF-8"?>
<!-- Generated by org.testng.reporters.JUnitXMLReporter -->
<testsuite ignored="13" hostname="LAPTOP-EG2LIC4T" failures="2" tests="13" name="Regression Tests" time="0.132" errors="0" timestamp="2026-02-18T13:49:09 IST">
  <testcase classname="test.ExampleClass1" name="loginTest" time="0.013"/>
  <testcase classname="test.ExampleClass1" name="userProfileTest" time="0.002"/>
  <testcase classname="test.ExampleClass2" name="loginWithMultipleUsers" time="0.005"/>
  <testcase classname="test.ExampleClass2" name="loginWithMultipleUsers" time="0.001"/>
  <testcase classname="test.ExampleClass2" name="loginWithMultipleUsers" time="0.001"/>
  <testcase classname="test.ExampleClass2" name="testAPIEndpoints" time="0.007"/>
  <testcase classname="test.ExampleClass2" name="testAPIEndpoints" time="0.001"/>
  <testcase classname="test.ExampleClass2" name="testAPIEndpoints" time="0.003">
    <failure type="java.lang.AssertionError" message="Status code validation expected [200] but found [201]">
      <![CDATA[java.lang.AssertionError: Status code validation expected [200] but found [201]
at test.ExampleClass2.testAPIEndpoints(ExampleClass2.java:60)
at java.base/java.util.ArrayList.forEach(ArrayList.java:1604)
... Removed 31 stack frames]]>
    </failure>
  </testcase> <!-- testAPIEndpoints -->
  <testcase classname="test.ExampleClass3" name="APIPersonalLoan" time="0.001"/>
  <testcase classname="test.ExampleClass3" name="APICarLoan" time="0.001"/>
  <testcase classname="test.ExampleClass3" name="APIHomeLoan" time="0.002"/>
  <testcase classname="test.ExampleClass4" name="divisionByZeroTest" time="0.002"/>
  <testcase classname="test.ExampleClass4" name="softAssertionTest" time="0.004">
    <failure type="java.lang.AssertionError" message="The following asserts failed:
	First assertion expected [Expected] but found [Actual],
	Second assertion expected [true] but found [false],
	Third assertion expected object to not be null">
      <![CDATA[java.lang.AssertionError: The following asserts failed:
First assertion expected [Expected] but found [Actual],
Second assertion expected [true] but found [false],
Third assertion expected object to not be null
at test.ExampleClass4.softAssertionTest(ExampleClass4.java:53)
at java.base/java.util.ArrayList.forEach(ArrayList.java:1604)
... Removed 27 stack frames]]>
    </failure>
  </testcase> <!-- softAssertionTest -->
  <testcase classname="test.ExampleClass3" name="integrationTest" time="0.0">
    <ignored/>
  </testcase> <!-- integrationTest -->
  <testcase classname="test.ExampleClass1" name="disabledTest" time="0.0">
    <ignored/>
  </testcase> <!-- disabledTest -->
  <testcase classname="test.ExampleClass3" name="mobileHomeLoan" time="0.0">
    <ignored/>
  </testcase> <!-- mobileHomeLoan -->
  <testcase classname="test.ExampleClass3" name="mobileCarLoan" time="0.0">
    <ignored/>
  </testcase> <!-- mobileCarLoan -->
  <testcase classname="test.ExampleClass2" name="launchBrowserTest" time="0.0">
    <ignored/>
  </testcase> <!-- launchBrowserTest -->
  <testcase classname="test.ExampleClass4" name="stressTest" time="0.0">
    <ignored/>
  </testcase> <!-- stressTest -->
  <testcase classname="test.ExampleClass3" name="webCarLoan" time="0.0">
    <ignored/>
  </testcase> <!-- webCarLoan -->
  <testcase classname="test.ExampleClass4" name="performanceTest" time="0.0">
    <ignored/>
  </testcase> <!-- performanceTest -->
  <testcase classname="test.ExampleClass4" name="flakyTest" time="0.0">
    <ignored/>
  </testcase> <!-- flakyTest -->
  <testcase classname="test.ExampleClass1" name="dashboardTest" time="0.0">
    <ignored/>
  </testcase> <!-- dashboardTest -->
  <testcase classname="test.ExampleClass4" name="userRegistrationTest" time="0.0">
    <ignored/>
  </testcase> <!-- userRegistrationTest -->
  <testcase classname="test.ExampleClass3" name="webHomeLoan" time="0.0">
    <ignored/>
  </testcase> <!-- webHomeLoan -->
  <testcase classname="test.ExampleClass4" name="parallelTest" time="0.0">
    <ignored/>
  </testcase> <!-- parallelTest -->
</testsuite> <!-- Regression Tests -->
