<?xml version="1.0" encoding="UTF-8"?>
<!-- Generated by org.testng.reporters.JUnitXMLReporter -->
<testsuite ignored="14" hostname="LAPTOP-EG2LIC4T" failures="0" tests="8" name="Smoke Tests" time="0.092" errors="0" timestamp="2026-02-18T13:49:23 IST">
  <testcase classname="test.ExampleClass1" name="loginTest" time="0.012"/>
  <testcase classname="test.ExampleClass1" name="dashboardTest" time="0.001"/>
  <testcase classname="test.ExampleClass2" name="launchBrowserTest" time="0.004"/>
  <testcase classname="test.ExampleClass3" name="webCarLoan" time="0.002"/>
  <testcase classname="test.ExampleClass3" name="mobileCarLoan" time="0.002"/>
  <testcase classname="test.ExampleClass3" name="APICarLoan" time="0.001"/>
  <testcase classname="test.ExampleClass3" name="APIHomeLoan" time="0.002"/>
  <testcase classname="test.ExampleClass4" name="userRegistrationTest" time="0.002"/>
  <testcase classname="test.ExampleClass3" name="integrationTest" time="0.0">
    <ignored/>
  </testcase> <!-- integrationTest -->
  <testcase classname="test.ExampleClass1" name="disabledTest" time="0.0">
    <ignored/>
  </testcase> <!-- disabledTest -->
  <testcase classname="test.ExampleClass2" name="testAPIEndpoints" time="0.0">
    <ignored/>
  </testcase> <!-- testAPIEndpoints -->
  <testcase classname="test.ExampleClass3" name="mobileHomeLoan" time="0.0">
    <ignored/>
  </testcase> <!-- mobileHomeLoan -->
  <testcase classname="test.ExampleClass4" name="softAssertionTest" time="0.0">
    <ignored/>
  </testcase> <!-- softAssertionTest -->
  <testcase classname="test.ExampleClass3" name="APIPersonalLoan" time="0.0">
    <ignored/>
  </testcase> <!-- APIPersonalLoan -->
  <testcase classname="test.ExampleClass4" name="stressTest" time="0.0">
    <ignored/>
  </testcase> <!-- stressTest -->
  <testcase classname="test.ExampleClass1" name="userProfileTest" time="0.0">
    <ignored/>
  </testcase> <!-- userProfileTest -->
  <testcase classname="test.ExampleClass4" name="performanceTest" time="0.0">
    <ignored/>
  </testcase> <!-- performanceTest -->
  <testcase classname="test.ExampleClass4" name="flakyTest" time="0.0">
    <ignored/>
  </testcase> <!-- flakyTest -->
  <testcase classname="test.ExampleClass2" name="loginWithMultipleUsers" time="0.0">
    <ignored/>
  </testcase> <!-- loginWithMultipleUsers -->
  <testcase classname="test.ExampleClass4" name="divisionByZeroTest" time="0.0">
    <ignored/>
  </testcase> <!-- divisionByZeroTest -->
  <testcase classname="test.ExampleClass3" name="webHomeLoan" time="0.0">
    <ignored/>
  </testcase> <!-- webHomeLoan -->
  <testcase classname="test.ExampleClass4" name="parallelTest" time="0.0">
    <ignored/>
  </testcase> <!-- parallelTest -->
</testsuite> <!-- Smoke Tests -->
