<?xml version="1.0" encoding="UTF-8"?>
<!-- Generated by org.testng.reporters.JUnitReportReporter -->
<testsuite hostname="LAPTOP-EG2LIC4T" failures="0" tests="4" name="test.ExampleClass1" time="0.015" errors="0" timestamp="2026-02-24T16:03:39 IST" skipped="1">
  <testcase classname="test.ExampleClass1" name="loginTest" time="0.010"/>
  <testcase classname="test.ExampleClass1" name="dashboardTest" time="0.002"/>
  <testcase classname="test.ExampleClass1" name="userProfileTest" time="0.003"/>
  <testcase classname="test.ExampleClass1" name="disabledTest">
    <skipped/>
  </testcase> <!-- disabledTest -->
</testsuite> <!-- test.ExampleClass1 -->
