<?xml version="1.0" encoding="UTF-8"?>
<!-- Generated by org.testng.reporters.JUnitReportReporter -->
<testsuite hostname="LAPTOP-EG2LIC4T" failures="0" tests="3" name="test.ExampleClass3" time="0.004" errors="0" timestamp="2026-02-24T16:03:39 IST" skipped="0">
  <testcase classname="test.ExampleClass3" name="APIPersonalLoan" time="0.002"/>
  <testcase classname="test.ExampleClass3" name="APICarLoan" time="0.002"/>
  <testcase classname="test.ExampleClass3" name="APIHomeLoan" time="0.000"/>
</testsuite> <!-- test.ExampleClass3 -->
