<?xml version="1.0" encoding="UTF-8"?>
<!-- Generated by org.testng.reporters.JUnitXMLReporter -->
<testsuite ignored="8" hostname="LAPTOP-EG2LIC4T" failures="1" tests="7" name="Selected Classes and Methods" time="0.093" errors="0" timestamp="2026-02-24T16:03:39 IST">
  <testcase classname="test.ExampleClass1" name="loginTest" time="0.01"/>
  <testcase classname="test.ExampleClass1" name="dashboardTest" time="0.001"/>
  <testcase classname="test.ExampleClass1" name="userProfileTest" time="0.001"/>
  <testcase classname="test.ExampleClass2" name="launchBrowserTest" time="0.0">
    <failure type="org.testng.TestNGException" message="
Parameter &amp;apos;browser&amp;apos; is required by @Test on method launchBrowserTest but has not been marked @Optional or defined
in C:\Users\Swati\eclipse-workspace\TestNGExample\testng.xml">
      <![CDATA[org.testng.TestNGException: 
Parameter 'browser' is required by @Test on method launchBrowserTest but has not been marked @Optional or defined
in C:\Users\Swati\eclipse-workspace\TestNGExample\testng.xml
at java.base/java.util.ArrayList.forEach(ArrayList.java:1604)
... Removed 26 stack frames]]>
    </failure>
  </testcase> <!-- launchBrowserTest -->
  <testcase classname="test.ExampleClass3" name="APIPersonalLoan" time="0.002"/>
  <testcase classname="test.ExampleClass3" name="APICarLoan" time="0.002"/>
  <testcase classname="test.ExampleClass3" name="APIHomeLoan" time="0.0"/>
  <testcase classname="test.ExampleClass3" name="webCarLoan" time="0.0">
    <ignored/>
  </testcase> <!-- webCarLoan -->
  <testcase classname="test.ExampleClass3" name="mobileHomeLoan" time="0.0">
    <ignored/>
  </testcase> <!-- mobileHomeLoan -->
  <testcase classname="test.ExampleClass2" name="loginWithMultipleUsers" time="0.0">
    <ignored/>
  </testcase> <!-- loginWithMultipleUsers -->
  <testcase classname="test.ExampleClass3" name="webHomeLoan" time="0.0">
    <ignored/>
  </testcase> <!-- webHomeLoan -->
  <testcase classname="test.ExampleClass3" name="integrationTest" time="0.0">
    <ignored/>
  </testcase> <!-- integrationTest -->
  <testcase classname="test.ExampleClass1" name="disabledTest" time="0.0">
    <ignored/>
  </testcase> <!-- disabledTest -->
  <testcase classname="test.ExampleClass2" name="testAPIEndpoints" time="0.0">
    <ignored/>
  </testcase> <!-- testAPIEndpoints -->
  <testcase classname="test.ExampleClass3" name="mobileCarLoan" time="0.0">
    <ignored/>
  </testcase> <!-- mobileCarLoan -->
</testsuite> <!-- Selected Classes and Methods -->
